<?xml version="1.0" encoding="UTF-8"?>
<!--
  Fixture for backend/scripts/tests/gate-summary.tests.ps1: the happy path, all passed.

  Filename and <UnitTest storage="..."> are shaped like REAL VSTest output on purpose (a realistic
  <user>_<machine>_<timestamp>.trx name, carrying no project name at all) so the self-test proves
  Get-SuiteName reads the suite from inside the file, not from a filename a real trx never has.
  Not a real dotnet test output — hand-authored.
-->
<TestRun id="11111111-1111-1111-1111-111111111111" name="fixture-happy" xmlns="http://microsoft.com/schemas/VisualStudio/TeamTest/2010">
  <TestDefinitions>
    <UnitTest name="SchoolManagement.UnitTests.Application.PingQueryHandlerTests.HandleAsync_ReturnsSuccess" storage="c:\users\hp\desktop\web-apps\school-management-proj\backend\tests\schoolmanagement.unittests\bin\release\net10.0\schoolmanagement.unittests.dll" id="d94cd798-9893-e915-d19b-1da659384783">
      <Execution id="1fd72da3-8ccc-4b6d-b479-fca57da334a4" />
    </UnitTest>
  </TestDefinitions>
  <ResultSummary outcome="Completed">
    <Counters total="178" executed="178" passed="178" failed="0" error="0" timeout="0" aborted="0" inconclusive="0" passedButRunAborted="0" notRunnable="0" notExecuted="0" disconnected="0" warning="0" completed="0" inProgress="0" pending="0" />
  </ResultSummary>
</TestRun>
